<?xml version="1.0" encoding="UTF-8"?>
<!-- Generated by org.testng.reporters.JUnitReportReporter -->
<testsuite hostname="Liza" name="Academy.validateNavigationBar" tests="1" failures="0" timestamp="27 Jan 2018 01:27:28 GMT" time="0.059" errors="0">
  <testcase name="validateAppNavBar" time="0.059" classname="Academy.validateNavigationBar"/>
</testsuite> <!-- Academy.validateNavigationBar -->
