<?xml version="1.0" encoding="UTF-8"?>
<!-- Generated by org.testng.reporters.JUnitReportReporter -->
<testsuite hostname="Liza" name="Academy.HomePage" tests="2" failures="0" timestamp="25 Jan 2018 01:21:58 GMT" time="15.675" errors="0">
  <testcase name="basePageNavigation" time="4.208" classname="Academy.HomePage"/>
  <testcase name="basePageNavigation" time="11.467" classname="Academy.HomePage"/>
</testsuite> <!-- Academy.HomePage -->
