<?xml version="1.0" encoding="UTF-8"?>
<!-- Generated by org.testng.reporters.JUnitReportReporter -->
<testsuite hostname="Liza" name="Academy.HomePage" tests="2" failures="0" timestamp="27 Jan 2018 01:27:28 GMT" time="14.106" errors="0">
  <testcase name="basePageNavigation" time="10.826" classname="Academy.HomePage"/>
  <testcase name="basePageNavigation" time="3.280" classname="Academy.HomePage"/>
</testsuite> <!-- Academy.HomePage -->
